
> magicmirror@2.1.0 start /Users/tatiana_ab/Desktop/Mirror/MirrorMirror
> electron js/electron.js

Starting MagicMirror: v2.1.0
Loading config ...
Loading module helpers ...
Initializing new module helper ...
No helper found for module: clock.
Initializing new module helper ...
Initializing new module helper ...
Initializing new module helper ...
Initializing new module helper ...
Initializing new module helper ...
Initializing new module helper ...
Initializing new module helper ...
Initializing new module helper ...
WARNING! Could not load config file. Starting with default configuration. Error found: Error: Cannot find module 'watson-developer-cloud'
Loading module helpers ...
Initializing new module helper ...
No helper found for module: clock.
Initializing new module helper ...
Initializing new module helper ...
Initializing new module helper ...
Initializing new module helper ...
Initializing new module helper ...
Initializing new module helper ...
Initializing new module helper ...
Initializing new module helper ...
App threw an error during load
Error: Cannot find module 'watson-developer-cloud'
    at Module._resolveFilename (module.js:485:15)
    at Function.Module._resolveFilename (/Users/tatiana_ab/Desktop/Mirror/MirrorMirror/node_modules/electron/dist/Electron.app/Contents/Resources/electron.asar/common/reset-search-paths.js:35:12)
    at Function.Module._load (module.js:437:25)
    at Module.require (module.js:513:17)
    at require (internal/module.js:11:18)
    at Object.<anonymous> (/Users/tatiana_ab/Desktop/Mirror/MirrorMirror/modules/conversation/node_helper.js:1:171)
    at Object.<anonymous> (/Users/tatiana_ab/Desktop/Mirror/MirrorMirror/modules/conversation/node_helper.js:151:3)
    at Module._compile (module.js:569:30)
    at Object.Module._extensions..js (module.js:580:10)
    at Module.load (module.js:503:32)
Whoops! There was an uncaught exception...
{ Error: Cannot find module 'watson-developer-cloud'
    at Module._resolveFilename (module.js:485:15)
    at Function.Module._resolveFilename (/Users/tatiana_ab/Desktop/Mirror/MirrorMirror/node_modules/electron/dist/Electron.app/Contents/Resources/electron.asar/common/reset-search-paths.js:35:12)
    at Function.Module._load (module.js:437:25)
    at Module.require (module.js:513:17)
    at require (internal/module.js:11:18)
    at Object.<anonymous> (/Users/tatiana_ab/Desktop/Mirror/MirrorMirror/modules/conversation/node_helper.js:1:171)
    at Object.<anonymous> (/Users/tatiana_ab/Desktop/Mirror/MirrorMirror/modules/conversation/node_helper.js:151:3)
    at Module._compile (module.js:569:30)
    at Object.Module._extensions..js (module.js:580:10)
    at Module.load (module.js:503:32) code: 'MODULE_NOT_FOUND' }
MagicMirror will not quit, but it might be a good idea to check why this happened. Maybe no internet connection?
If you think this really is an issue, please open an issue on GitHub: https://github.com/MichMich/MagicMirror/issues
Launching application.
